0 info it worked if it ends with ok
1 verbose cli [ 'node', '/usr/local/bin/npm', 'install', '-g', 'learnyounode' ]
2 info using npm@1.4.28
3 info using node@v0.10.32
4 verbose cache add [ 'learnyounode', null ]
5 verbose cache add name=undefined spec="learnyounode" args=["learnyounode",null]
6 verbose parsed url { protocol: null,
6 verbose parsed url   slashes: null,
6 verbose parsed url   auth: null,
6 verbose parsed url   host: null,
6 verbose parsed url   port: null,
6 verbose parsed url   hostname: null,
6 verbose parsed url   hash: null,
6 verbose parsed url   search: null,
6 verbose parsed url   query: null,
6 verbose parsed url   pathname: 'learnyounode',
6 verbose parsed url   path: 'learnyounode',
6 verbose parsed url   href: 'learnyounode' }
7 silly lockFile 8d456d9f-learnyounode learnyounode
8 verbose lock learnyounode /Users/Jascha/.npm/8d456d9f-learnyounode.lock
9 silly lockFile 8d456d9f-learnyounode learnyounode
10 silly lockFile 8d456d9f-learnyounode learnyounode
11 verbose addNamed [ 'learnyounode', '' ]
12 verbose addNamed [ null, '*' ]
13 silly lockFile a353de34-learnyounode learnyounode@
14 verbose lock learnyounode@ /Users/Jascha/.npm/a353de34-learnyounode.lock
15 silly addNameRange { name: 'learnyounode', range: '*', hasData: false }
16 verbose request where is /learnyounode
17 verbose request registry https://registry.npmjs.org/
18 verbose request id 881c45a21bbcb80e
19 verbose url raw /learnyounode
20 verbose url resolving [ 'https://registry.npmjs.org/', './learnyounode' ]
21 verbose url resolved https://registry.npmjs.org/learnyounode
22 verbose request where is https://registry.npmjs.org/learnyounode
23 info trying registry request attempt 1 at 23:52:35
24 http GET https://registry.npmjs.org/learnyounode
25 http 200 https://registry.npmjs.org/learnyounode
26 silly registry.get cb [ 200,
26 silly registry.get   { date: 'Sat, 25 Oct 2014 21:52:36 GMT',
26 silly registry.get     server: 'CouchDB/1.5.0 (Erlang OTP/R16B03)',
26 silly registry.get     etag: '"4D00ZG1O6OSRY8LMSCZ4M4CO5"',
26 silly registry.get     'content-type': 'application/json',
26 silly registry.get     'cache-control': 'max-age=60',
26 silly registry.get     'content-length': '63817',
26 silly registry.get     'accept-ranges': 'bytes',
26 silly registry.get     via: '1.1 varnish',
26 silly registry.get     age: '0',
26 silly registry.get     'x-served-by': 'cache-fra1226-FRA',
26 silly registry.get     'x-cache': 'HIT',
26 silly registry.get     'x-cache-hits': '1',
26 silly registry.get     'x-timer': 'S1414273956.045412,VS0,VE727',
26 silly registry.get     vary: 'Accept',
26 silly registry.get     'keep-alive': 'timeout=10, max=50',
26 silly registry.get     connection: 'Keep-Alive' } ]
27 silly addNameRange number 2 { name: 'learnyounode', range: '*', hasData: true }
28 silly addNameRange versions [ 'learnyounode',
28 silly addNameRange   [ '0.0.0',
28 silly addNameRange     '0.0.1',
28 silly addNameRange     '0.0.2',
28 silly addNameRange     '0.0.3',
28 silly addNameRange     '0.0.4',
28 silly addNameRange     '0.0.5',
28 silly addNameRange     '0.0.6',
28 silly addNameRange     '0.0.7',
28 silly addNameRange     '0.0.8',
28 silly addNameRange     '0.0.9',
28 silly addNameRange     '0.1.0',
28 silly addNameRange     '0.1.1',
28 silly addNameRange     '0.2.0',
28 silly addNameRange     '0.2.1',
28 silly addNameRange     '0.2.2',
28 silly addNameRange     '0.2.3',
28 silly addNameRange     '0.2.4',
28 silly addNameRange     '0.2.5',
28 silly addNameRange     '0.2.6',
28 silly addNameRange     '0.2.7',
28 silly addNameRange     '0.2.8',
28 silly addNameRange     '0.2.9',
28 silly addNameRange     '0.2.10',
28 silly addNameRange     '0.2.11',
28 silly addNameRange     '0.2.12',
28 silly addNameRange     '0.2.13',
28 silly addNameRange     '0.2.14',
28 silly addNameRange     '0.2.15',
28 silly addNameRange     '0.2.16',
28 silly addNameRange     '0.2.16-mimbug',
28 silly addNameRange     '0.3.0',
28 silly addNameRange     '0.3.1',
28 silly addNameRange     '0.3.2',
28 silly addNameRange     '0.3.3',
28 silly addNameRange     '0.4.0',
28 silly addNameRange     '0.4.1',
28 silly addNameRange     '1.0.0-alpha01',
28 silly addNameRange     '1.0.0',
28 silly addNameRange     '1.0.1',
28 silly addNameRange     '1.0.2',
28 silly addNameRange     '1.0.3',
28 silly addNameRange     '1.0.4',
28 silly addNameRange     '1.0.5' ] ]
29 verbose addNamed [ 'learnyounode', '1.0.5' ]
30 verbose addNamed [ '1.0.5', '1.0.5' ]
31 silly lockFile b2b72aca-learnyounode-1-0-5 learnyounode@1.0.5
32 verbose lock learnyounode@1.0.5 /Users/Jascha/.npm/b2b72aca-learnyounode-1-0-5.lock
33 silly lockFile 5838dcd8-rnyounode-learnyounode-1-0-5-tgz https://registry.npmjs.org/learnyounode/-/learnyounode-1.0.5.tgz
34 verbose lock https://registry.npmjs.org/learnyounode/-/learnyounode-1.0.5.tgz /Users/Jascha/.npm/5838dcd8-rnyounode-learnyounode-1-0-5-tgz.lock
35 verbose addRemoteTarball [ 'https://registry.npmjs.org/learnyounode/-/learnyounode-1.0.5.tgz',
35 verbose addRemoteTarball   '83bbee82bf427b7ab6b4885434d86f0a49c22198' ]
36 info retry fetch attempt 1 at 23:52:37
37 verbose fetch to= /var/folders/t5/sx281_d126n25r9bbs77bcb80000gn/T/npm-16130-Cy9jscnI/registry.npmjs.org/learnyounode/-/learnyounode-1.0.5.tgz
38 http GET https://registry.npmjs.org/learnyounode/-/learnyounode-1.0.5.tgz
39 http 200 https://registry.npmjs.org/learnyounode/-/learnyounode-1.0.5.tgz
40 silly lockFile 5838dcd8-rnyounode-learnyounode-1-0-5-tgz https://registry.npmjs.org/learnyounode/-/learnyounode-1.0.5.tgz
41 silly lockFile 5838dcd8-rnyounode-learnyounode-1-0-5-tgz https://registry.npmjs.org/learnyounode/-/learnyounode-1.0.5.tgz
42 silly lockFile b2b72aca-learnyounode-1-0-5 learnyounode@1.0.5
43 silly lockFile b2b72aca-learnyounode-1-0-5 learnyounode@1.0.5
44 silly lockFile a353de34-learnyounode learnyounode@
45 silly lockFile a353de34-learnyounode learnyounode@
46 silly resolved [ { name: 'learnyounode',
46 silly resolved     version: '1.0.5',
46 silly resolved     description: 'Learn You The Node.js For Much Win! An intro to Node.js via a set of self-guided workshops.',
46 silly resolved     author:
46 silly resolved      { name: 'Rod Vagg',
46 silly resolved        email: 'rod@vagg.org',
46 silly resolved        url: 'https://github.com/rvagg' },
46 silly resolved     contributors: [ [Object], [Object], [Object], [Object], [Object], [Object] ],
46 silly resolved     repository:
46 silly resolved      { type: 'git',
46 silly resolved        url: 'https://github.com/rvagg/learnyounode.git' },
46 silly resolved     license: 'MIT',
46 silly resolved     dependencies:
46 silly resolved      { workshopper: '^1.0.0-alpha05',
46 silly resolved        'workshopper-exercise': '^0.2.2',
46 silly resolved        'workshopper-wrappedexec': '^0.1.1',
46 silly resolved        'workshopper-boilerplate': '0.0.1',
46 silly resolved        'concat-stream': '^1.4.1',
46 silly resolved        duplexer: '^0.1.1',
46 silly resolved        through: '^2.3.4',
46 silly resolved        boganipsum: '^0.1.0',
46 silly resolved        hyperquest: '^0.2.0',
46 silly resolved        bl: '^0.7.0',
46 silly resolved        'through2-map': '^1.2.1',
46 silly resolved        'colors-tmpl': '^0.1.0',
46 silly resolved        after: '^0.8.1',
46 silly resolved        rimraf: '^2.2.6',
46 silly resolved        chalk: '^0.4.0',
46 silly resolved        through2: '^0.4.1' },
46 silly resolved     bin: { learnyounode: './learnyounode.js' },
46 silly resolved     preferGlobal: true,
46 silly resolved     gitHead: '40caa067fe80c1b0e7a8f0aac1a1e5440d4580ca',
46 silly resolved     bugs: { url: 'https://github.com/rvagg/learnyounode/issues' },
46 silly resolved     homepage: 'https://github.com/rvagg/learnyounode',
46 silly resolved     _id: 'learnyounode@1.0.5',
46 silly resolved     scripts: {},
46 silly resolved     _shasum: '83bbee82bf427b7ab6b4885434d86f0a49c22198',
46 silly resolved     _from: 'learnyounode@',
46 silly resolved     _npmVersion: '1.4.28',
46 silly resolved     _npmUser: { name: 'rvagg', email: 'rod@vagg.org' },
46 silly resolved     maintainers: [ [Object] ],
46 silly resolved     dist:
46 silly resolved      { shasum: '83bbee82bf427b7ab6b4885434d86f0a49c22198',
46 silly resolved        tarball: 'http://registry.npmjs.org/learnyounode/-/learnyounode-1.0.5.tgz' },
46 silly resolved     directories: {},
46 silly resolved     _resolved: 'https://registry.npmjs.org/learnyounode/-/learnyounode-1.0.5.tgz' } ]
47 info install learnyounode@1.0.5 into /usr/local/lib
48 info installOne learnyounode@1.0.5
49 verbose lib/node_modules/learnyounode unbuild
50 verbose tar unpack /Users/Jascha/.npm/learnyounode/1.0.5/package.tgz
51 silly lockFile 97422473-al-lib-node-modules-learnyounode tar:///usr/local/lib/node_modules/learnyounode
52 verbose lock tar:///usr/local/lib/node_modules/learnyounode /Users/Jascha/.npm/97422473-al-lib-node-modules-learnyounode.lock
53 silly lockFile 4e0e21b1-m-learnyounode-1-0-5-package-tgz tar:///Users/Jascha/.npm/learnyounode/1.0.5/package.tgz
54 verbose lock tar:///Users/Jascha/.npm/learnyounode/1.0.5/package.tgz /Users/Jascha/.npm/4e0e21b1-m-learnyounode-1-0-5-package-tgz.lock
55 silly gunzTarPerm modes [ '755', '644' ]
56 error Error: EACCES, mkdir '/usr/local/lib/node_modules/learnyounode'
56 error  { [Error: EACCES, mkdir '/usr/local/lib/node_modules/learnyounode']
56 error   errno: 3,
56 error   code: 'EACCES',
56 error   path: '/usr/local/lib/node_modules/learnyounode',
56 error   fstream_type: 'Directory',
56 error   fstream_path: '/usr/local/lib/node_modules/learnyounode',
56 error   fstream_class: 'DirWriter',
56 error   fstream_stack:
56 error    [ '/usr/local/lib/node_modules/npm/node_modules/fstream/lib/dir-writer.js:36:23',
56 error      '/usr/local/lib/node_modules/npm/node_modules/mkdirp/index.js:46:53',
56 error      'Object.oncomplete (fs.js:107:15)' ] }
57 error Please try running this command again as root/Administrator.
58 error System Darwin 14.0.0
59 error command "node" "/usr/local/bin/npm" "install" "-g" "learnyounode"
60 error cwd /Users/Jascha/GitHub/munichwatcher
61 error node -v v0.10.32
62 error npm -v 1.4.28
63 error path /usr/local/lib/node_modules/learnyounode
64 error fstream_path /usr/local/lib/node_modules/learnyounode
65 error fstream_type Directory
66 error fstream_class DirWriter
67 error code EACCES
68 error errno 3
69 error stack Error: EACCES, mkdir '/usr/local/lib/node_modules/learnyounode'
70 error fstream_stack /usr/local/lib/node_modules/npm/node_modules/fstream/lib/dir-writer.js:36:23
70 error fstream_stack /usr/local/lib/node_modules/npm/node_modules/mkdirp/index.js:46:53
70 error fstream_stack Object.oncomplete (fs.js:107:15)
71 verbose exit [ 3, true ]
